2021-01-02 01:33:32 info: inside model
2021-01-02 01:33:32 info: server started listening on port : 2000
2021-01-02 01:33:32 info: Successfully connected to the database
2021-01-02 01:34:05 info: inside controller,findAll method invoked
2021-01-02 01:34:05 info: invoking retrieveData method of services
2021-01-02 01:34:05 info: inside serivces,retrieveData method invoked
2021-01-02 01:34:05 info: invoking to getAllMessages method of model
2021-01-02 01:34:05 info:  data has been retrieved
2021-01-02 09:00:34 info: inside model
2021-01-02 09:00:35 info: server started listening on port : 2000
2021-01-02 09:00:36 info: Successfully connected to the database
2021-01-02 09:09:41 info: inside model
2021-01-02 09:09:42 info: server started listening on port : 2000
2021-01-02 09:09:42 info: Successfully connected to the database
2021-01-02 09:11:12 info: inside controller,findAll method invoked
2021-01-02 09:11:12 info: invoking retrieveData method of services
2021-01-02 09:11:12 info: inside serivces,retrieveData method invoked
2021-01-02 09:11:12 info: invoking to getAllMessages method of model
2021-01-02 09:11:13 info:  data has been retrieved
2021-01-02 09:13:09 info: inside model
2021-01-02 09:13:09 info: server started listening on port : 2000
2021-01-02 09:13:09 info: Successfully connected to the database
2021-01-02 10:04:39 info: inside model
2021-01-02 10:04:39 info: server started listening on port : 2000
2021-01-02 10:04:40 info: Successfully connected to the database
2021-01-02 10:05:51 info: inside controller,findAll method invoked
2021-01-02 10:05:51 info: invoking retrieveData method of services
2021-01-02 10:05:51 info: inside serivces,retrieveData method invoked
2021-01-02 10:05:51 info: invoking to getAllMessages method of model
2021-01-02 10:05:52 info:  data has been retrieved
