2021-01-03 11:34:41 info: inside model
2021-01-03 11:34:41 info: server started listening on port : 2000
2021-01-03 11:34:42 info: Successfully connected to the database
2021-01-03 11:35:39 info: inside model
2021-01-03 11:35:40 info: server started listening on port : 2000
2021-01-03 11:35:40 info: Successfully connected to the database
2021-01-03 11:38:49 info: inside model
2021-01-03 11:38:49 info: server started listening on port : 2000
2021-01-03 11:38:49 info: Successfully connected to the database
2021-01-03 11:39:22 info: inside controller,create method invoked
2021-01-03 11:39:22 info: invoking saveData method of services
2021-01-03 11:39:22 info: inside serivces,saveData method invoked
2021-01-03 11:39:22 info: calling to createMessage method of model
2021-01-03 11:39:22 info: createMessage method invoked
2021-01-03 11:39:22 error: ERR005: greeting message can not be empty 
2021-01-03 11:47:41 info: inside model
2021-01-03 11:47:41 info: server started listening on port : 2000
2021-01-03 11:47:41 info: Successfully connected to the database
2021-01-03 11:48:00 info: inside controller,create method invoked
2021-01-03 11:50:58 info: inside model
2021-01-03 11:50:58 info: server started listening on port : 2000
2021-01-03 11:50:58 info: Successfully connected to the database
2021-01-03 11:52:15 info: inside model
2021-01-03 11:52:15 info: server started listening on port : 2000
2021-01-03 11:52:15 info: Successfully connected to the database
2021-01-03 11:52:37 info: inside controller,create method invoked
2021-01-03 11:53:16 info: inside model
2021-01-03 11:53:16 info: server started listening on port : 2000
2021-01-03 11:53:16 info: Successfully connected to the database
2021-01-03 11:53:24 info: inside controller,create method invoked
2021-01-03 11:53:24 info: invoking saveData method of services
2021-01-03 11:53:24 info: inside serivces,saveData method invoked
2021-01-03 11:53:24 info: calling to createMessage method of model
2021-01-03 11:53:24 info: createMessage method invoked
2021-01-03 11:53:24 error: ERR005: greeting message can not be empty 
